── Attaching core tidyverse packages ──────────────────────── tidyverse 2.0.0 ──
✔ dplyr     1.1.4     ✔ readr     2.1.4
✔ forcats   1.0.0     ✔ stringr   1.5.0
✔ ggplot2   3.5.1     ✔ tibble    3.2.1
✔ lubridate 1.9.2     ✔ tidyr     1.3.1
✔ purrr     1.0.2     
── Conflicts ────────────────────────────────────────── tidyverse_conflicts() ──
✖ dplyr::filter() masks stats::filter()
✖ dplyr::lag()    masks stats::lag()
ℹ Use the conflicted package (<http://conflicted.r-lib.org/>) to force all conflicts to become errors

Attaching package: ‘rstatix’

The following object is masked from ‘package:stats’:

    filter

[1] ZFP608_ddCt_values_dC2-C3-AC2C3_for_anova.bed
  primer cellType condition        ddCt    values
1  ex1-2      NPC        wt  0.00000000 1.0000000
2  ex1-2      NPC        wt  0.27249958 0.8278839
3  ex1-2      NPC        wt -0.08001575 1.0570296
4  ex1-2      NPC       dC2  0.08625444 0.9419651
5  ex1-2      NPC       dC2  0.34678878 0.7863324
6  ex1-2      NPC       dC2  0.55728517 0.6795798
[1] ex1-2
  primer cellType condition        ddCt    values
1  ex1-2      NPC        wt  0.00000000 1.0000000
2  ex1-2      NPC        wt  0.27249958 0.8278839
3  ex1-2      NPC        wt -0.08001575 1.0570296
4  ex1-2      NPC       dC2  0.08625444 0.9419651
5  ex1-2      NPC       dC2  0.34678878 0.7863324
6  ex1-2      NPC       dC2  0.55728517 0.6795798
[1] ### Get summary statistics ###
# A tibble: 5 × 5
  condition variable     n  mean    sd
  <chr>     <fct>    <dbl> <dbl> <dbl>
1 dAC2      values       3 0.711 0.109
2 dAC2C3    values       3 0.569 0.028
3 dC2       values       3 0.803 0.132
4 dC2C3     values       3 0.821 0.053
5 wt        values       3 0.962 0.119
# A tibble: 5 × 3
  condition     n score
  <fct>     <int> <dbl>
1 wt            3  0.02
2 dC2           3  0.02
3 dC2C3         3  0.02
4 dAC2          3  0.02
5 dAC2C3        3  0.02
[1] ### Check assumptions ###
[1] 1) Checking the presence of outliers
[1] No outliers found: This assumption is verified
[1] 
[1] 2) Checking normality assumption
[1] # Building the linear model
[1] # Creating a QQ plot of residuals
[1] ### Compute Shapiro-Wilk test of normality ###
# A tibble: 1 × 3
  variable         statistic p.value
  <chr>                <dbl>   <dbl>
1 residuals(model)     0.942   0.409
[1] In the QQ plot, as all the points fall approximately along the reference line, we can assume normality.
[1] This conclusion is supported by the Shapiro-Wilk test. The p-value is not significant (p = 0.408587550364263),
[1] so we can assume normality.
[1] 
[1] 3) Checking homogeneity of variance assumption
[1] This can be checked using the Levene’s test:
# A tibble: 1 × 4
    df1   df2 statistic     p
  <int> <int>     <dbl> <dbl>
1     4    10     0.507 0.732
[1] The Levene’s test is not significant (p > 0.732394310666974). Therefore, we can assume the homogeneity of variances in the different groups.
[1] ### Computation of the one-way ANOVA test ###
[1] In the R code below, the asterisk represents the interaction effect and the main effect of each variable (and all lower-order interactions).
ANOVA Table (type II tests)

     Effect DFn DFd     F     p p<.05   ges
1 condition   4  10 6.688 0.007     * 0.728
[1] There was a statistically significant interaction between cell type and condition for 2^(-ddCt)
ANOVA Table (type II tests)

     Effect DFn DFd     F     p p<.05   ges
1 condition   4  10 6.688 0.007     * 0.728
[1] 
[1] ### Post-hoct tests ###
[1] ### Procedure for significant one-way interaction ###
[1] ### Compute pairwise comparisons ###
[1] To determine which group means are different. We’ll now perform multiple pairwise comparisons between the different conditions.
[1] You can run and interpret all possible pairwise comparisons using a Bonferroni adjustment.
[1] This can be easily done using the function emmeans_test() [rstatix package], a wrapper around the emmeans package,
[1] which needs to be installed. Emmeans stands for estimated marginal means (aka least square means or adjusted means).
[1] Compare the values of the different cellType levels by condition levels:
[1] 
[1] ### Visualization: box plots with p-values
# A tibble: 10 × 13
   .y.    group1 group2    n1    n2       p p.signif  p.adj p.adj.signif
   <chr>  <chr>  <chr>  <int> <int>   <dbl> <chr>     <dbl> <chr>       
 1 values wt     dC2        3     3 0.0729  ns       0.729  ns          
 2 values wt     dC2C3      3     3 0.107   ns       1      ns          
 3 values dC2    dC2C3      3     3 0.821   ns       1      ns          
 4 values wt     dAC2       3     3 0.0102  *        0.102  ns          
 5 values dC2    dAC2       3     3 0.276   ns       1      ns          
 6 values dC2C3  dAC2       3     3 0.196   ns       1      ns          
 7 values wt     dAC2C3     3     3 0.00058 ***      0.0058 **          
 8 values dC2    dAC2C3     3     3 0.0147  *        0.147  ns          
 9 values dC2C3  dAC2C3     3     3 0.00989 **       0.0989 ns          
10 values dAC2   dAC2C3     3     3 0.104   ns       1      ns          
# ℹ 4 more variables: y.position <dbl>, groups <named list>, xmin <dbl>,
#   xmax <dbl>
[1] 
[1] ex3
   primer cellType condition        ddCt    values
16    ex3      NPC        wt  0.00000000 1.0000000
17    ex3      NPC        wt  0.10689032 0.9285874
18    ex3      NPC        wt -0.03657189 1.0256737
19    ex3      NPC       dC2  0.25359367 0.8388044
20    ex3      NPC       dC2  0.61567392 0.6526250
21    ex3      NPC       dC2  0.45637347 0.7288160
[1] ### Get summary statistics ###
# A tibble: 5 × 5
  condition variable     n  mean    sd
  <chr>     <fct>    <dbl> <dbl> <dbl>
1 dAC2      values       3 0.645 0.04 
2 dAC2C3    values       3 0.51  0.009
3 dC2       values       3 0.74  0.094
4 dC2C3     values       3 0.682 0.137
5 wt        values       3 0.985 0.05 
# A tibble: 5 × 3
  condition     n score
  <fct>     <int> <dbl>
1 wt            3  0.02
2 dC2           3  0.02
3 dC2C3         3  0.02
4 dAC2          3  0.02
5 dAC2C3        3  0.02
[1] ### Check assumptions ###
[1] 1) Checking the presence of outliers
[1] No outliers found: This assumption is verified
[1] 
[1] 2) Checking normality assumption
[1] # Building the linear model
[1] # Creating a QQ plot of residuals
[1] ### Compute Shapiro-Wilk test of normality ###
# A tibble: 1 × 3
  variable         statistic p.value
  <chr>                <dbl>   <dbl>
1 residuals(model)     0.962   0.728
[1] In the QQ plot, as all the points fall approximately along the reference line, we can assume normality.
[1] This conclusion is supported by the Shapiro-Wilk test. The p-value is not significant (p = 0.728220469991317),
[1] so we can assume normality.
[1] 
[1] 3) Checking homogeneity of variance assumption
[1] This can be checked using the Levene’s test:
# A tibble: 1 × 4
    df1   df2 statistic     p
  <int> <int>     <dbl> <dbl>
1     4    10      1.44 0.290
[1] The Levene’s test is not significant (p > 0.290330984868901). Therefore, we can assume the homogeneity of variances in the different groups.
[1] ### Computation of the one-way ANOVA test ###
[1] In the R code below, the asterisk represents the interaction effect and the main effect of each variable (and all lower-order interactions).
ANOVA Table (type II tests)

     Effect DFn DFd     F       p p<.05   ges
1 condition   4  10 14.33 0.00038     * 0.851
[1] There was a statistically significant interaction between cell type and condition for 2^(-ddCt)
ANOVA Table (type II tests)

     Effect DFn DFd     F       p p<.05   ges
1 condition   4  10 14.33 0.00038     * 0.851
[1] 
[1] ### Post-hoct tests ###
[1] ### Procedure for significant one-way interaction ###
[1] ### Compute pairwise comparisons ###
[1] To determine which group means are different. We’ll now perform multiple pairwise comparisons between the different conditions.
[1] You can run and interpret all possible pairwise comparisons using a Bonferroni adjustment.
[1] This can be easily done using the function emmeans_test() [rstatix package], a wrapper around the emmeans package,
[1] which needs to be installed. Emmeans stands for estimated marginal means (aka least square means or adjusted means).
[1] Compare the values of the different cellType levels by condition levels:
[1] 
[1] ### Visualization: box plots with p-values
# A tibble: 10 × 13
   .y.    group1 group2    n1    n2         p p.signif    p.adj p.adj.signif
   <chr>  <chr>  <chr>  <int> <int>     <dbl> <chr>       <dbl> <chr>       
 1 values wt     dC2        3     3 0.00373   **       0.0373   *           
 2 values wt     dC2C3      3     3 0.000915  ***      0.00915  **          
 3 values dC2    dC2C3      3     3 0.396     ns       1        ns          
 4 values wt     dAC2       3     3 0.000391  ***      0.00391  **          
 5 values dC2    dAC2       3     3 0.175     ns       1        ns          
 6 values dC2C3  dAC2       3     3 0.579     ns       1        ns          
 7 values wt     dAC2C3     3     3 0.0000261 ****     0.000261 ***         
 8 values dC2    dAC2C3     3     3 0.00538   **       0.0538   ns          
 9 values dC2C3  dAC2C3     3     3 0.0242    *        0.242    ns          
10 values dAC2   dAC2C3     3     3 0.0644    ns       0.644    ns          
# ℹ 4 more variables: y.position <dbl>, groups <named list>, xmin <dbl>,
#   xmax <dbl>
[1] 
[1] ex4-5
   primer cellType condition         ddCt    values
31  ex4-5      NPC        wt  0.000000000 1.0000000
32  ex4-5      NPC        wt  0.197600587 0.8719996
33  ex4-5      NPC        wt -0.007413412 1.0051518
34  ex4-5      NPC       dC2  0.375915815 0.7706161
35  ex4-5      NPC       dC2  0.618132200 0.6515139
36  ex4-5      NPC       dC2  0.586444488 0.6659822
[1] ### Get summary statistics ###
# A tibble: 5 × 5
  condition variable     n  mean    sd
  <chr>     <fct>    <dbl> <dbl> <dbl>
1 dAC2      values       3 0.647 0.088
2 dAC2C3    values       3 0.467 0.025
3 dC2       values       3 0.696 0.065
4 dC2C3     values       3 0.659 0.122
5 wt        values       3 0.959 0.075
# A tibble: 5 × 3
  condition     n score
  <fct>     <int> <dbl>
1 wt            3  0.02
2 dC2           3  0.02
3 dC2C3         3  0.02
4 dAC2          3  0.02
5 dAC2C3        3  0.02
[1] ### Check assumptions ###
[1] 1) Checking the presence of outliers
[1] No outliers found: This assumption is verified
[1] 
[1] 2) Checking normality assumption
[1] # Building the linear model
[1] # Creating a QQ plot of residuals
[1] ### Compute Shapiro-Wilk test of normality ###
# A tibble: 1 × 3
  variable         statistic p.value
  <chr>                <dbl>   <dbl>
1 residuals(model)     0.961   0.711
[1] In the QQ plot, as all the points fall approximately along the reference line, we can assume normality.
[1] This conclusion is supported by the Shapiro-Wilk test. The p-value is not significant (p = 0.71122515614467),
[1] so we can assume normality.
[1] 
[1] 3) Checking homogeneity of variance assumption
[1] This can be checked using the Levene’s test:
# A tibble: 1 × 4
    df1   df2 statistic     p
  <int> <int>     <dbl> <dbl>
1     4    10     0.295 0.875
[1] The Levene’s test is not significant (p > 0.874950246041464). Therefore, we can assume the homogeneity of variances in the different groups.
[1] ### Computation of the one-way ANOVA test ###
[1] In the R code below, the asterisk represents the interaction effect and the main effect of each variable (and all lower-order interactions).
ANOVA Table (type II tests)

     Effect DFn DFd      F        p p<.05  ges
1 condition   4  10 14.139 0.000402     * 0.85
[1] There was a statistically significant interaction between cell type and condition for 2^(-ddCt)
ANOVA Table (type II tests)

     Effect DFn DFd      F        p p<.05  ges
1 condition   4  10 14.139 0.000402     * 0.85
[1] 
[1] ### Post-hoct tests ###
[1] ### Procedure for significant one-way interaction ###
[1] ### Compute pairwise comparisons ###
[1] To determine which group means are different. We’ll now perform multiple pairwise comparisons between the different conditions.
[1] You can run and interpret all possible pairwise comparisons using a Bonferroni adjustment.
[1] This can be easily done using the function emmeans_test() [rstatix package], a wrapper around the emmeans package,
[1] which needs to be installed. Emmeans stands for estimated marginal means (aka least square means or adjusted means).
[1] Compare the values of the different cellType levels by condition levels:
[1] 
[1] ### Visualization: box plots with p-values
# A tibble: 10 × 13
   .y.    group1 group2    n1    n2        p p.signif   p.adj p.adj.signif
   <chr>  <chr>  <chr>  <int> <int>    <dbl> <chr>      <dbl> <chr>       
 1 values wt     dC2        3     3 0.0027   **       0.027   *           
 2 values wt     dC2C3      3     3 0.00113  **       0.0113  *           
 3 values dC2    dC2C3      3     3 0.594    ns       1       ns          
 4 values wt     dAC2       3     3 0.00085  ***      0.0085  **          
 5 values dC2    dAC2       3     3 0.478    ns       1       ns          
 6 values dC2C3  dAC2       3     3 0.855    ns       1       ns          
 7 values wt     dAC2C3     3     3 0.000023 ****     0.00023 ***         
 8 values dC2    dAC2C3     3     3 0.00622  **       0.0622  ns          
 9 values dC2C3  dAC2C3     3     3 0.0158   *        0.158   ns          
10 values dAC2   dAC2C3     3     3 0.0218   *        0.218   ns          
# ℹ 4 more variables: y.position <dbl>, groups <named list>, xmin <dbl>,
#   xmax <dbl>
[1] 
[1] ex5
   primer cellType condition       ddCt    values
46    ex5      NPC        wt  0.0000000 1.0000000
47    ex5      NPC        wt  0.1797664 0.8828459
48    ex5      NPC        wt -0.1402898 1.1021265
49    ex5      NPC       dC2  0.2354103 0.8494434
50    ex5      NPC       dC2  0.5080242 0.7031848
51    ex5      NPC       dC2  0.5314787 0.6918453
[1] ### Get summary statistics ###
# A tibble: 5 × 5
  condition variable     n  mean    sd
  <chr>     <fct>    <dbl> <dbl> <dbl>
1 dAC2      values       3 0.688 0.033
2 dAC2C3    values       3 0.54  0.039
3 dC2       values       3 0.748 0.088
4 dC2C3     values       3 0.721 0.087
5 wt        values       3 0.995 0.11 
# A tibble: 5 × 3
  condition     n score
  <fct>     <int> <dbl>
1 wt            3  0.02
2 dC2           3  0.02
3 dC2C3         3  0.02
4 dAC2          3  0.02
5 dAC2C3        3  0.02
[1] ### Check assumptions ###
[1] 1) Checking the presence of outliers
[1] No outliers found: This assumption is verified
[1] 
[1] 2) Checking normality assumption
[1] # Building the linear model
[1] # Creating a QQ plot of residuals
[1] ### Compute Shapiro-Wilk test of normality ###
# A tibble: 1 × 3
  variable         statistic p.value
  <chr>                <dbl>   <dbl>
1 residuals(model)     0.937   0.352
[1] In the QQ plot, as all the points fall approximately along the reference line, we can assume normality.
[1] This conclusion is supported by the Shapiro-Wilk test. The p-value is not significant (p = 0.351823261685142),
[1] so we can assume normality.
[1] 
[1] 3) Checking homogeneity of variance assumption
[1] This can be checked using the Levene’s test:
# A tibble: 1 × 4
    df1   df2 statistic     p
  <int> <int>     <dbl> <dbl>
1     4    10     0.429 0.785
[1] The Levene’s test is not significant (p > 0.784679506619691). Therefore, we can assume the homogeneity of variances in the different groups.
[1] ### Computation of the one-way ANOVA test ###
[1] In the R code below, the asterisk represents the interaction effect and the main effect of each variable (and all lower-order interactions).
ANOVA Table (type II tests)

     Effect DFn DFd      F        p p<.05   ges
1 condition   4  10 13.537 0.000481     * 0.844
[1] There was a statistically significant interaction between cell type and condition for 2^(-ddCt)
ANOVA Table (type II tests)

     Effect DFn DFd      F        p p<.05   ges
1 condition   4  10 13.537 0.000481     * 0.844
[1] 
[1] ### Post-hoct tests ###
[1] ### Procedure for significant one-way interaction ###
[1] ### Compute pairwise comparisons ###
[1] To determine which group means are different. We’ll now perform multiple pairwise comparisons between the different conditions.
[1] You can run and interpret all possible pairwise comparisons using a Bonferroni adjustment.
[1] This can be easily done using the function emmeans_test() [rstatix package], a wrapper around the emmeans package,
[1] which needs to be installed. Emmeans stands for estimated marginal means (aka least square means or adjusted means).
[1] Compare the values of the different cellType levels by condition levels:
[1] 
[1] ### Visualization: box plots with p-values
# A tibble: 10 × 13
   .y.    group1 group2    n1    n2         p p.signif    p.adj p.adj.signif
   <chr>  <chr>  <chr>  <int> <int>     <dbl> <chr>       <dbl> <chr>       
 1 values wt     dC2        3     3 0.00292   **       0.0292   *           
 2 values wt     dC2C3      3     3 0.00148   **       0.0148   *           
 3 values dC2    dC2C3      3     3 0.679     ns       1        ns          
 4 values wt     dAC2       3     3 0.00066   ***      0.0066   **          
 5 values dC2    dAC2       3     3 0.363     ns       1        ns          
 6 values dC2C3  dAC2       3     3 0.61      ns       1        ns          
 7 values wt     dAC2C3     3     3 0.0000293 ****     0.000293 ***         
 8 values dC2    dAC2C3     3     3 0.00816   **       0.0816   ns          
 9 values dC2C3  dAC2C3     3     3 0.0169    *        0.169    ns          
10 values dAC2   dAC2C3     3     3 0.0416    *        0.416    ns          
# ℹ 4 more variables: y.position <dbl>, groups <named list>, xmin <dbl>,
#   xmax <dbl>
[1] 
[1] ex6
   primer cellType condition       ddCt    values
61    ex6      NPC        wt 0.00000000 1.0000000
62    ex6      NPC        wt 0.43588385 0.7392407
63    ex6      NPC        wt 0.09944006 0.9333952
64    ex6      NPC       dC2 0.47155192 0.7211884
65    ex6      NPC       dC2 0.68232936 0.6231583
66    ex6      NPC       dC2 0.66335107 0.6314100
[1] ### Get summary statistics ###
# A tibble: 5 × 5
  condition variable     n  mean    sd
  <chr>     <fct>    <dbl> <dbl> <dbl>
1 dAC2      values       3 0.734 0.011
2 dAC2C3    values       3 0.483 0.015
3 dC2       values       3 0.659 0.054
4 dC2C3     values       3 0.706 0.071
5 wt        values       3 0.891 0.135
# A tibble: 5 × 3
  condition     n score
  <fct>     <int> <dbl>
1 wt            3  0.02
2 dC2           3  0.02
3 dC2C3         3  0.02
4 dAC2          3  0.02
5 dAC2C3        3  0.02
[1] ### Check assumptions ###
[1] 1) Checking the presence of outliers
[1] No outliers found: This assumption is verified
[1] 
[1] 2) Checking normality assumption
[1] # Building the linear model
[1] # Creating a QQ plot of residuals
[1] ### Compute Shapiro-Wilk test of normality ###
# A tibble: 1 × 3
  variable         statistic p.value
  <chr>                <dbl>   <dbl>
1 residuals(model)     0.947   0.479
[1] In the QQ plot, as all the points fall approximately along the reference line, we can assume normality.
[1] This conclusion is supported by the Shapiro-Wilk test. The p-value is not significant (p = 0.479456376602863),
[1] so we can assume normality.
[1] 
[1] 3) Checking homogeneity of variance assumption
[1] This can be checked using the Levene’s test:
# A tibble: 1 × 4
    df1   df2 statistic     p
  <int> <int>     <dbl> <dbl>
1     4    10      1.10 0.408
[1] The Levene’s test is not significant (p > 0.40843952849805). Therefore, we can assume the homogeneity of variances in the different groups.
[1] ### Computation of the one-way ANOVA test ###
[1] In the R code below, the asterisk represents the interaction effect and the main effect of each variable (and all lower-order interactions).
ANOVA Table (type II tests)

     Effect DFn DFd      F        p p<.05   ges
1 condition   4  10 12.116 0.000753     * 0.829
[1] There was a statistically significant interaction between cell type and condition for 2^(-ddCt)
ANOVA Table (type II tests)

     Effect DFn DFd      F        p p<.05   ges
1 condition   4  10 12.116 0.000753     * 0.829
[1] 
[1] ### Post-hoct tests ###
[1] ### Procedure for significant one-way interaction ###
[1] ### Compute pairwise comparisons ###
[1] To determine which group means are different. We’ll now perform multiple pairwise comparisons between the different conditions.
[1] You can run and interpret all possible pairwise comparisons using a Bonferroni adjustment.
[1] This can be easily done using the function emmeans_test() [rstatix package], a wrapper around the emmeans package,
[1] which needs to be installed. Emmeans stands for estimated marginal means (aka least square means or adjusted means).
[1] Compare the values of the different cellType levels by condition levels:
[1] 
[1] ### Visualization: box plots with p-values
# A tibble: 10 × 13
   .y.    group1 group2    n1    n2         p p.signif    p.adj p.adj.signif
   <chr>  <chr>  <chr>  <int> <int>     <dbl> <chr>       <dbl> <chr>       
 1 values wt     dC2        3     3 0.00299   **       0.0299   *           
 2 values wt     dC2C3      3     3 0.0112    *        0.112    ns          
 3 values dC2    dC2C3      3     3 0.448     ns       1        ns          
 4 values wt     dAC2       3     3 0.0249    *        0.249    ns          
 5 values dC2    dAC2       3     3 0.237     ns       1        ns          
 6 values dC2C3  dAC2       3     3 0.65      ns       1        ns          
 7 values wt     dAC2C3     3     3 0.0000453 ****     0.000453 ***         
 8 values dC2    dAC2C3     3     3 0.0147    *        0.147    ns          
 9 values dC2C3  dAC2C3     3     3 0.00389   **       0.0389   *           
10 values dAC2   dAC2C3     3     3 0.00183   **       0.0183   *           
# ℹ 4 more variables: y.position <dbl>, groups <named list>, xmin <dbl>,
#   xmax <dbl>
[1] 
